============================================================
  Generated by:           Encounter(R) RTL Compiler v07.20-p004_1
  Generated on:           Dec 06 2010  10:46:05 AM
  Module:                 emc_top
  Technology libraries:   D_CELLS_MOSLP_slow_1_62V_125C V 2.1.0
                          ROM4096X8_slow_1_62V_125C V 1.1.0 
                          SPRAM128X8_slow_1_62V_125C V 1.2.0 
  Operating conditions:   slow_1_62V_125C (worst_case_tree)
  Wireload mode:          enclosed
  Area mode:              timing library
============================================================

          Pin                      Type        Fanout  Load  Slew Delay Arrival   
                                                       (fF)  (ps)  (ps)   (ps)    
----------------------------------------------------------------------------------
(clock CLK)                    launch                                         0 R 
                               latency                            +5000    5000 R 
CORE_INSTANCE
  fsm
    fsm_opcode_reg[7]/clk                                    1000          5000 R 
    fsm_opcode_reg[7]/q   (u)  unmapped_d_flop     69   15.6    0  +627    5627 F 
    g1770/in_0                                                     +142    5769   
    g1770/z               (u)  unmapped_not        65   15.6    0   +95    5864 R 
    g2086/in_1                                                     +142    6006   
    g2086/z               (u)  unmapped_and2        1    5.2    0  +124    6130 R 
    g2087/in_1                                                       +0    6130   
    g2087/z               (u)  unmapped_or2        12   20.8    0  +177    6307 R 
    g2151/in_0                                                      +56    6363   
    g2151/z               (u)  unmapped_not         6   31.2    0  +149    6512 F 
    g2191/in_1                                                       +0    6512   
    g2191/z               (u)  unmapped_and2        1    5.2    0  +124    6636 F 
    g2192/in_1                                                       +0    6636   
    g2192/z               (u)  unmapped_or2         1    5.2    0  +124    6760 F 
    g2189/in_1                                                       +0    6760   
    g2189/z               (u)  unmapped_nand2       2   10.4    0  +142    6903 R 
    g2188/in_0                                                       +0    6903   
    g2188/z               (u)  unmapped_nand2       1    5.2    0  +124    7027 F 
    g2187/in_0                                                       +0    7027   
    g2187/z               (u)  unmapped_nand2       1    5.2    0  +124    7151 R 
    g2186/in_0                                                       +0    7151   
    g2186/z               (u)  unmapped_nand2       2   10.4    0  +142    7293 F 
    g2255/in_0                                                       +0    7293   
    g2255/z               (u)  unmapped_nor2        1    5.2    0  +124    7417 R 
    g2250/in_1                                                       +0    7417   
    g2250/z               (u)  unmapped_nor2       29   31.2    0  +213    7630 F 
    mux_fsm_rom_rd_o_b954/ctl[11] 
      g1/sel12                                                      +75    7705   
      g1/z                (u)  unmapped_mux48       1    5.2    0  +726    8431 F 
    mux_fsm_rom_rd_o_b954/z 
    mux_fsm_rom_rd_o_b_159_10/in_1 
      g1/data1                                                       +0    8431   
      g1/z                (u)  unmapped_mux12      32   31.2    0  +516    8946 F 
    mux_fsm_rom_rd_o_b_159_10/z 
  fsm/fsm_rom_rd_o_b 
  mem_ctrl/mem_ctrl_rom_rd_b_i 
    g85/in_0                                                        +68    9014   
    g85/z                 (u)  unmapped_not        31   31.2    0  +144    9159 R 
    mux_ext_rom_rd_b_148_7/ctl[0] 
      g1/sel1                                                       +72    9231   
      g1/z                (u)  unmapped_mux4        3   15.6    0  +257    9488 R 
    mux_ext_rom_rd_b_148_7/z 
    mux_ext_rom_rd_b_202_10/in_0 
      g1/data0                                                       +0    9488   
      g1/z                (u)  unmapped_mux4        1    5.2    0  +225    9713 R 
    mux_ext_rom_rd_b_202_10/z 
    mux_ext_rom_rd_b_200_12/in_1 
      g1/data1                                                       +0    9713   
      g1/z                (u)  unmapped_mux4        1    5.2    0  +225    9938 R 
    mux_ext_rom_rd_b_200_12/z 
    mux_ext_rom_rd_b_169_7/in_0 
      g1/data0                                                       +0    9938   
      g1/z                (u)  unmapped_mux4        5   26.0    0  +288   10225 R 
    mux_ext_rom_rd_b_169_7/z 
  mem_ctrl/mem_ctrl_bus_ctrl_ext_rom_rd_b_o 
CORE_INSTANCE/core_bus_ctrl_ext_rom_rd_b_o 
BUS_CONTROL_INSTANCE/bus_control_core_ext_rom_rd_b_i 
  g8/in_0                                                            +0   10225   
  g8/z                    (u)  unmapped_not         3   15.6    0   +90   10315 F 
  g1/in_0                                                            +0   10315   
  g1/z                    (u)  unmapped_nand3       1    5.2    0  +184   10500 R 
  g4/in_0                                                            +0   10500   
  g4/z                    (u)  unmapped_not        53   20.8    0  +106   10605 F 
  g7/in_0                                                          +106   10711   
  g7/z                    (u)  unmapped_nor3       52   20.8    0  +232   10943 R 
  mux_bus_control_core_p4_o_144_2/ctl[0] 
    g15/sel3                                                       +106   11048   
    g15/z                 (u)  unmapped_mux8        2 1506.3    0  +494   11543 R 
  mux_bus_control_core_p4_o_144_2/z[0] 
BUS_CONTROL_INSTANCE/bus_control_core_p4_o[0] 
PORTS_INSTANCE/ports_sfr_P4_i[0] 
PORTS_INSTANCE/a_port4_o[0] 
top_p4_a_o[0]                  out port                             +38   11580 R 
----------------------------------------------------------------------------------
Timing slack :  UNCONSTRAINED
Start-point  : CORE_INSTANCE/fsm/fsm_opcode_reg[7]/clk
End-point    : top_p4_a_o[0]

(u) : Net has unmapped pin(s).
============================================================
  Generated by:           Encounter(R) RTL Compiler v07.20-p004_1
  Generated on:           Dec 06 2010  10:46:05 AM
  Module:                 emc_top
  Technology libraries:   D_CELLS_MOSLP_slow_1_62V_125C V 2.1.0
                          ROM4096X8_slow_1_62V_125C V 1.1.0 
                          SPRAM128X8_slow_1_62V_125C V 1.2.0 
  Operating conditions:   slow_1_62V_125C (worst_case_tree)
  Wireload mode:          enclosed
  Area mode:              timing library
============================================================

No paths found.

============================================================
  Generated by:           Encounter(R) RTL Compiler v07.20-p004_1
  Generated on:           Dec 06 2010  10:46:05 AM
  Module:                 emc_top
  Technology libraries:   D_CELLS_MOSLP_slow_1_62V_125C V 2.1.0
                          ROM4096X8_slow_1_62V_125C V 1.1.0 
                          SPRAM128X8_slow_1_62V_125C V 1.2.0 
  Operating conditions:   slow_1_62V_125C (worst_case_tree)
  Wireload mode:          enclosed
  Area mode:              timing library
============================================================

No paths found.

============================================================
  Generated by:           Encounter(R) RTL Compiler v07.20-p004_1
  Generated on:           Dec 06 2010  10:46:05 AM
  Module:                 emc_top
  Technology libraries:   D_CELLS_MOSLP_slow_1_62V_125C V 2.1.0
                          ROM4096X8_slow_1_62V_125C V 1.1.0 
                          SPRAM128X8_slow_1_62V_125C V 1.2.0 
  Operating conditions:   slow_1_62V_125C (worst_case_tree)
  Wireload mode:          enclosed
  Area mode:              timing library
============================================================

No paths found.

============================================================
  Generated by:           Encounter(R) RTL Compiler v07.20-p004_1
  Generated on:           Dec 06 2010  10:46:05 AM
  Module:                 emc_top
  Technology libraries:   D_CELLS_MOSLP_slow_1_62V_125C V 2.1.0
                          ROM4096X8_slow_1_62V_125C V 1.1.0 
                          SPRAM128X8_slow_1_62V_125C V 1.2.0 
  Operating conditions:   slow_1_62V_125C (worst_case_tree)
  Wireload mode:          enclosed
  Area mode:              timing library
============================================================

No paths found.

============================================================
  Generated by:           Encounter(R) RTL Compiler v07.20-p004_1
  Generated on:           Dec 06 2010  10:46:05 AM
  Module:                 emc_top
  Technology libraries:   D_CELLS_MOSLP_slow_1_62V_125C V 2.1.0
                          ROM4096X8_slow_1_62V_125C V 1.1.0 
                          SPRAM128X8_slow_1_62V_125C V 1.2.0 
  Operating conditions:   slow_1_62V_125C (worst_case_tree)
  Wireload mode:          enclosed
  Area mode:              timing library
============================================================

           Pin                       Type        Fanout Load Slew Delay Arrival   
                                                        (fF) (ps)  (ps)   (ps)    
----------------------------------------------------------------------------------
(clock MEMCLK)                   launch                                   12500 F 
                                 latency                          +5000   17500 F 
CORE_INSTANCE
  pcau
    pcau_pc_o_reg[6]/clk                                     1000         17500 R 
    pcau_pc_o_reg[6]/q      (u)  unmapped_d_flop     11 57.2    0  +736   18236 F 
  pcau/pcau_pc_o[6] 
  fsm/fsm_pc_i[6] 
    mux_fsm_alu_op1_o802/in_1[6] 
      g9/data1                                                       +0   18236   
      g9/z                  (u)  unmapped_mux4        1  5.2    0  +225   18460 F 
    mux_fsm_alu_op1_o802/z[6] 
    mux_fsm_alu_op1_o806/in_21[6] 
      g9/data21                                                      +0   18460   
      g9/z                  (u)  unmapped_mux56       1  5.2    0  +749   19210 F 
    mux_fsm_alu_op1_o806/z[6] 
    mux_fsm_alu_op1_o_159_10/in_2[6] 
      g9/data2                                                       +0   19210   
      g9/z                  (u)  unmapped_mux12      40 36.4    0  +527   19737 F 
    mux_fsm_alu_op1_o_159_10/z[6] 
  fsm/fsm_alu_op1_o[6] 
  alu/alu_operand1_i[6] 
    rem_338_53/A[6] 
      g136/in_0                                                     +74   19811   
      g136/z                (u)  unmapped_nand2       1  5.2    0  +123   19934 R 
      g137/in_0                                                      +0   19934   
      g137/z                (u)  unmapped_nand3       4 20.8    0  +233   20166 F 
      g148/in_0                                                      +0   20166   
      g148/z                (u)  unmapped_nand2       1  5.2    0  +123   20289 R 
      g149/in_1                                                      +0   20289   
      g149/z                (u)  unmapped_nand2       1  5.2    0  +123   20412 F 
      g156/in_1                                                      +0   20412   
      g156/z                (u)  unmapped_nand2       1  5.2    0  +123   20534 R 
      g181/in_0                                                      +0   20534   
      g181/z                (u)  unmapped_not         1  5.2    0   +59   20593 F 
      g160/in_0                                                      +0   20593   
      g160/z                (u)  unmapped_nand2       3 15.6    0  +155   20748 R 
      g1/in_0                                                        +0   20748   
      g1/z                  (u)  unmapped_not         1  5.2    0   +59   20807 F 
      g2/in_0                                                        +0   20807   
      g2/z                  (u)  unmapped_and2        2 10.4    0  +140   20947 F 
      g311/sel1                                                      +0   20947   
      g311/z                (u)  unmapped_mux8        7 36.4    0  +502   21449 F 
      g394/in_0                                                      +0   21449   
      g394/z                (u)  unmapped_nor2        3 15.6    0  +155   21604 R 
      g407/in_1                                                      +0   21604   
      g407/z                (u)  unmapped_nor2        1  5.2    0  +123   21727 F 
      g409/in_0                                                      +0   21727   
      g409/z                (u)  unmapped_nor2        2 10.4    0  +140   21867 R 
      g423/in_0                                                      +0   21867   
      g423/z                (u)  unmapped_nor2        1  5.2    0  +123   21990 F 
      g424/in_0                                                      +0   21990   
      g424/z                (u)  unmapped_nor2        1  5.2    0  +123   22112 R 
      g430/in_1                                                      +0   22112   
      g430/z                (u)  unmapped_nor2        1  5.2    0  +123   22235 F 
      g464/in_0                                                      +0   22235   
      g464/z                (u)  unmapped_not         1  5.2    0   +59   22294 R 
      g445/in_1                                                      +0   22294   
      g445/z                (u)  unmapped_nand2       2 10.4    0  +140   22434 F 
      g388/in_0                                                      +0   22434   
      g388/z                (u)  unmapped_not         1  5.2    0   +59   22493 R 
      g14/in_1                                                       +0   22493   
      g14/z                 (u)  unmapped_and2        4 20.8    0  +171   22664 R 
      g560/sel1                                                      +0   22664   
      g560/z                (u)  unmapped_mux8        7 36.4    0  +502   23165 R 
      g668/in_0                                                      +0   23165   
      g668/z                (u)  unmapped_nor2        4 20.8    0  +171   23336 F 
      g692/in_1                                                      +0   23336   
      g692/z                (u)  unmapped_nor2        1  5.2    0  +123   23459 R 
      g694/in_0                                                      +0   23459   
      g694/z                (u)  unmapped_nor2        2 10.4    0  +140   23599 F 
      g715/in_0                                                      +0   23599   
      g715/z                (u)  unmapped_nor2        1  5.2    0  +123   23721 R 
      g717/in_0                                                      +0   23721   
      g717/z                (u)  unmapped_nor2        2 10.4    0  +140   23861 F 
      g723/in_1                                                      +0   23861   
      g723/z                (u)  unmapped_nor2        1  5.2    0  +123   23984 R 
      g724/in_0                                                      +0   23984   
      g724/z                (u)  unmapped_nor2        1  5.2    0  +123   24107 F 
      g740/in_1                                                      +0   24107   
      g740/z                (u)  unmapped_nand2       2 10.4    0  +140   24247 R 
      g662/in_0                                                      +0   24247   
      g662/z                (u)  unmapped_not         1  5.2    0   +59   24306 F 
      g26/in_1                                                       +0   24306   
      g26/z                 (u)  unmapped_and2        6 31.2    0  +204   24510 F 
      g880/sel1                                                      +0   24510   
      g880/z                (u)  unmapped_mux8        7 36.4    0  +502   25011 F 
      g1135/in_0                                                     +0   25011   
      g1135/z               (u)  unmapped_nor2        4 20.8    0  +171   25182 R 
      g1164/in_1                                                     +0   25182   
      g1164/z               (u)  unmapped_nor2        1  5.2    0  +123   25305 F 
      g1166/in_0                                                     +0   25305   
      g1166/z               (u)  unmapped_nor2        2 10.4    0  +140   25445 R 
      g1193/in_0                                                     +0   25445   
      g1193/z               (u)  unmapped_nor2        1  5.2    0  +123   25568 F 
      g1195/in_0                                                     +0   25568   
      g1195/z               (u)  unmapped_nor2        2 10.4    0  +140   25707 R 
      g1206/in_1                                                     +0   25707   
      g1206/z               (u)  unmapped_nor2        1  5.2    0  +123   25830 F 
      g1207/in_0                                                     +0   25830   
      g1207/z               (u)  unmapped_nor2        1  5.2    0  +123   25953 R 
      g1227/in_1                                                     +0   25953   
      g1227/z               (u)  unmapped_nand2       9 46.8    0  +244   26197 F 
      g1127/in_0                                                     +0   26197   
      g1127/z               (u)  unmapped_not         1  5.2    0   +59   26256 R 
      g40/in_1                                                       +0   26256   
      g40/z                 (u)  unmapped_and2        8 41.6    0  +232   26487 R 
      g1254/sel2                                                     +0   26487   
      g1254/z               (u)  unmapped_mux8        1  5.2    0  +407   26894 R 
    rem_338_53/REMAINDER[7] 
    mux_alu_result_o_330_32/in_0[7] 
      g24/data0                                                      +0   26894   
      g24/z                 (u)  unmapped_mux4        1  5.2    0  +225   27119 R 
    mux_alu_result_o_330_32/z[7] 
    mux_alu_result_o_90_13/in_14[7] 
      g24/data14                                                     +0   27119   
      g24/z                 (u)  unmapped_mux32       1  5.2    0  +687   27806 R 
    mux_alu_result_o_90_13/z[7] 
    mux_alu_result_o_78_17/in_0[7] 
      g24/data0                                                      +0   27806   
      g24/z                 (u)  unmapped_mux4        1  5.2    0  +225   28031 R 
    mux_alu_result_o_78_17/z[7] 
  alu/alu_result_o[7] 
  alu_fsm_result_reg[7]/d        unmapped_d_flop                     +0   28031   
  alu_fsm_result_reg[7]/clk      setup                       1000  +306   28337 R 
- - - - - - - - - - - - - - - - - - - - - - - - - - - - - - - - - - - - - - - - - 
(clock MEMCLK)                   capture                                  25000 R 
                                 latency                          +5000   30000 R 
                                 uncertainty                       -100   29900 R 
----------------------------------------------------------------------------------
Cost Group   : 'C2C' (path_group 'C2C')
Timing slack :    1563ps 
Start-point  : CORE_INSTANCE/pcau/pcau_pc_o_reg[6]/clk
End-point    : CORE_INSTANCE/alu_fsm_result_reg[7]/d

(u) : Net has unmapped pin(s).
============================================================
  Generated by:           Encounter(R) RTL Compiler v07.20-p004_1
  Generated on:           Dec 06 2010  10:46:05 AM
  Module:                 emc_top
  Technology libraries:   D_CELLS_MOSLP_slow_1_62V_125C V 2.1.0
                          ROM4096X8_slow_1_62V_125C V 1.1.0 
                          SPRAM128X8_slow_1_62V_125C V 1.2.0 
  Operating conditions:   slow_1_62V_125C (worst_case_tree)
  Wireload mode:          enclosed
  Area mode:              timing library
============================================================

No paths found.

