============================================================
  Generated by:           Encounter(R) RTL Compiler v07.20-p004_1
  Generated on:           Dec 06 2010  10:50:06 AM
  Module:                 emc_top
  Technology libraries:   D_CELLS_MOSLP_slow_1_62V_125C V 2.1.0
                          ROM4096X8_slow_1_62V_125C V 1.1.0 
                          SPRAM128X8_slow_1_62V_125C V 1.2.0 
  Operating conditions:   slow_1_62V_125C (worst_case_tree)
  Wireload mode:          enclosed
  Area mode:              timing library
============================================================

          Pin                 Type      Fanout Load Slew Delay Arrival   
                                               (fF) (ps)  (ps)   (ps)    
-------------------------------------------------------------------------
(clock CLK)                 launch                               25000 F 
                            latency                      +5000   30000 F 
CORE_INSTANCE
  fsm
    fsm_state_o_reg[0]/CN                           1000         30000 F 
    fsm_state_o_reg[0]/Q    SDFFX4           6 22.6  180 +1055   31055 F 
    Fp0380D65045/A                                          +1   31056   
    Fp0380D65045/Q          INX1            26 55.9  628  +412   31468 R 
    Fp0380D65040/A                                         +10   31478   
    Fp0380D65040/Q          INX1            23 46.9  453  +439   31917 F 
    p1491A/A                                                +8   31924   
    p1491A/Q                NA2X0           15 31.6 2129 +1317   33242 R 
    Fp1521A64456/A                                          +4   33245   
    Fp1521A64456/Q          INX0            10 17.1  777  +584   33829 F 
    p4117A/A                                                +1   33830   
    p4117A/Q                AND2X0           3  5.6  227  +565   34396 F 
    p4190A/C                                                +0   34396   
    p4190A/Q                AO21X0           1  1.7  188  +523   34919 F 
    p4489A/D                                                +0   34919   
    p4489A/Q                AO211X0          1  1.8  300  +848   35767 F 
    p5114A/E                                                +0   35767   
    p5114A/Q                AO221X0          7 15.3  588 +1061   36828 F 
    p5716A/C                                                +1   36828   
    p5716A/Q                AN221X0          1  1.8  817  +759   37587 R 
    p6184A/B                                                +0   37587   
    p6184A/Q                NA2X0            1  1.7  244  +178   37765 F 
    p6236A/D                                                +0   37765   
    p6236A/Q                AO211X0         20 52.8 1320 +1686   39450 F 
  fsm/fsm_alu_op2_o[2] 
  alu/alu_operand2_i[2] 
    rem_338_53_Y_div_337_53/B[2] 
      Fp6833A5255/A                                        +14   39464   
      Fp6833A5255/Q         INX0            12 26.8  892  +870   40334 R 
      p6980A/B                                              +2   40336   
      p6980A/Q              NA2X0            6 13.2  636  +443   40779 F 
      p7280A/B                                              +0   40780   
      p7280A/Q              AO211X0          2  4.9  381 +1259   42038 F 
      p8170A/A                                              +0   42039   
      p8170A/Q              AN211X0          2  4.7  861  +681   42719 R 
      p8299A/C                                              +0   42719   
      p8299A/Q              AO31X0           3  6.7  530  +769   43488 R 
      p8772A/A                                              +0   43488   
      p8772A/Q              NA2X0            1  1.7  234  +174   43662 F 
      p8777A/A                                              +0   43662   
      p8777A/Q              NO2X0            3  4.6  592  +401   44063 R 
      p9066A/A                                              +0   44063   
      p9066A/Q              NA3X0            1  1.7  373  +267   44330 F 
      p0640D/A                                              +0   44330   
      p0640D/Q              NO2X0            1  3.2  480  +378   44708 R 
      p0600D/A                                              +0   44708   
      p0600D/Q              NA2X1            3  7.9  213  +205   44912 F 
      p0588D/A                                              +0   44912   
      p0588D/Q              NO2X1            2 11.2  406  +285   45197 R 
      p0546DT/B                                             +0   45198   
      p0546DT/Q             NO2X2            4 12.4  150  +176   45374 F 
      p0702D/C                                              +0   45374   
      p0702D/Q              ON21X1           2  6.4  492  +175   45549 R 
      p0704D/A                                              +0   45549   
      p0704D/Q              NA2X1            1  3.8  169  +162   45711 F 
      p0706D5168/B                                          +0   45711   
      p0706D5168/Q          NA2X1            1  9.8  560  +225   45936 R 
      Fp0713D/A                                             +0   45936   
      Fp0713D/Q             INX2             1 16.1  171  +175   46111 F 
      p0685D/B                                              +0   46111   
      p0685D/Q              NO2X4            6 22.7  265  +222   46332 R 
      p0754D5160/B                                          +1   46333   
      p0754D5160/Q          NO2I1X1          1  3.2  108  +131   46464 F 
      p0739D/A                                              +0   46464   
      p0739D/Q              NO2X1            2  9.0  347  +229   46693 R 
      p0797D/A                                              +0   46693   
      p0797D/Q              NA2X1            1  1.9  123  +123   46816 F 
      p0810D5149/B                                          +0   46816   
      p0810D5149/Q          NO2I1X0          1  3.8  520  +372   47188 R 
      p0802D/B                                              +0   47188   
      p0802D/Q              NA2X1            3  7.0  293  +198   47386 F 
      p0786D/B                                              +0   47386   
      p0786D/Q              NA2X0            1  1.5  297  +276   47662 R 
      p0780D5139/A                                          +0   47662   
      p0780D5139/Q          NA2X0            2  4.9  274  +210   47872 F 
      p0724D/A                                              +0   47872   
      p0724D/Q              NO2X1            2  7.6  323  +252   48124 R 
      p0643DT/A                                             +0   48124   
      p0643DT/Q             ON21X1           1  3.2  172  +164   48289 F 
      p0559DT/A                                             +0   48289   
      p0559DT/Q             NA2X1            1 11.0  313  +216   48504 R 
      p0655D/A                                              +0   48504   
      p0655D/Q              NA2X4            7 14.5  130  +127   48631 F 
      p0683D/A                                              +1   48632   
      p0683D/Q              NA2X1            3 12.4  319  +217   48848 R 
      p0733D5126/B                                          +0   48849   
      p0733D5126/Q          NO2I1X1          1  5.7  137  +157   49006 F 
      p0733D/B                                              +0   49006   
      p0733D/Q              NO2I1X2          2  8.8  220  +161   49167 R 
      Fp0736D/A                                             +0   49167   
      Fp0736D/Q             INX1             1  3.2   86  +100   49267 F 
      p0805D5122/A                                          +0   49267   
      p0805D5122/Q          NA2X1            5 12.3  318  +203   49470 R 
      p0818D/A                                              +0   49470   
      p0818D/Q              AN21X0           2  5.0  348  +270   49740 F 
      p0839D/A                                              +0   49741   
      p0839D/Q              ON21X0           2  4.4  669  +514   50255 R 
      p0821D/A                                              +0   50255   
      p0821D/Q              NA2X0            1  3.2  292  +233   50488 F 
      p0812D/A                                              +0   50488   
      p0812D/Q              NA2X1            2  8.1  271  +223   50712 R 
      p0804D/A                                              +0   50712   
      p0804D/Q              NA2X2            1  3.2  161  +104   50816 F 
      p0792D5113/A                                          +0   50816   
      p0792D5113/Q          NA2X1            2  5.8  227  +162   50978 R 
      p0783D/A                                              +0   50978   
      p0783D/Q              NA2X1            2  6.4  197  +143   51121 F 
      p0777D/A                                              +0   51121   
      p0777D/Q              NA2X1            1  3.2  166  +147   51268 R 
      p0784D/A                                              +0   51268   
      p0784D/Q              NA2X1            2  8.4  220  +145   51413 F 
      p0814D/B                                              +0   51413   
      p0814D/Q              AND2X1           6 12.4  171  +379   51792 F 
      p0925D/B                                              +0   51792   
      p0925D/Q              AN222X0          1  1.5  834  +632   52424 R 
      p1364D/C                                              +0   52424   
      p1364D/Q              ON21X0           1  1.8  307  +264   52689 F 
    rem_338_53_Y_div_337_53/REMAINDER[1] 
    p1019D/A                                                +0   52689   
    p1019D/Q                AO211X0          1  2.7  326 +1027   53716 F 
  alu/alu_result_o[1] 
  alu_fsm_result_reg[1]/D   SDFRQX0                         +0   53716   
  alu_fsm_result_reg[1]/C   setup                   1000  +637   54353 R 
- - - - - - - - - - - - - - - - - - - - - - - - - - - - - - - - - - - - -
(clock MEMCLK)              capture                              50000 R 
                            latency                      +5000   55000 R 
                            uncertainty                   -100   54900 R 
-------------------------------------------------------------------------
Cost Group   : 'C2C' (path_group 'C2C')
Timing slack :     547ps 
Start-point  : CORE_INSTANCE/fsm/fsm_state_o_reg[0]/CN
End-point    : CORE_INSTANCE/alu_fsm_result_reg[1]/D
