============================================================
  Generated by:           Encounter(R) RTL Compiler v07.20-p004_1
  Generated on:           Dec 06 2010  10:51:28 AM
  Module:                 emc_top
  Technology libraries:   D_CELLS_MOSLP_slow_1_62V_125C V 2.1.0
                          ROM4096X8_slow_1_62V_125C V 1.1.0 
                          SPRAM128X8_slow_1_62V_125C V 1.2.0 
  Operating conditions:   slow_1_62V_125C (worst_case_tree)
  Wireload mode:          enclosed
  Area mode:              timing library
============================================================

          Pin                Type      Fanout Load Slew Delay Arrival   
                                              (fF) (ps)  (ps)   (ps)    
------------------------------------------------------------------------
(clock CLK)                launch                                   0 R 
                           latency                      +5000    5000 R 
CORE_INSTANCE
  fsm
    fsm_state_o_reg[1]/C                           1000          5000 R 
    fsm_state_o_reg[1]/Q   SDFRQX1         15 32.7  447 +1049    6049 F 
    fopt65465/A                                            +4    6053   
    fopt65465/Q            INX0             6 14.1  471  +400    6453 R 
    p0314D/B                                               +1    6454   
    p0314D/Q               NO2X1            7 17.0  247  +262    6716 F 
    p0422A/A                                               +1    6717   
    p0422A/Q               NA2X1            4  9.4  312  +223    6940 R 
    p0529A/B                                               +0    6940   
    p0529A/Q               OR2X1            8 16.7  366  +423    7364 R 
    Fp0519A/A                                              +1    7365   
    Fp0519A/Q              INX0            11 21.0  497  +371    7736 F 
    p0630A/B                                               +2    7737   
    p0630A/Q               AN222X1          2  4.5  605  +648    8385 R 
    Fp0778A/A                                              +0    8385   
    Fp0778A/Q              INX0             1  2.0  184  +140    8525 F 
    p0968A/C                                               +0    8525   
    p0968A/Q               AN21X0           1  2.6  474  +325    8850 R 
    p1025A/A                                               +0    8850   
    p1025A/Q               AND2X1           1  1.8  128  +281    9131 R 
    p1026A/E                                               +0    9131   
    p1026A/Q               ON221X0          1  4.8  502  +316    9447 F 
    p0861D/B                                               +0    9447   
    p0861D/Q               NO3X1            1  3.4  377  +356    9804 R 
    p0804D/A                                               +0    9804   
    p0804D/Q               NA3X1            3  6.7  242  +214   10018 F 
  fsm/fsm_pcau_offset_o[0] 
  pcau/pcau_offset_i[0] 
    p0906D/A                                               +0   10018   
    p0906D/Q               NA2X0            2  5.6  539  +374   10392 R 
    p0896D/A                                               +0   10392   
    p0896D/Q               ON21X0           2  4.5  317  +267   10659 F 
    p0811D/A                                               +0   10659   
    p0811D/Q               NA2X0            1  3.2  392  +316   10975 R 
    p0803D/A                                               +0   10975   
    p0803D/Q               NA2X1            2  3.8  156  +147   11122 F 
    p0814D2087/A                                           +0   11122   
    p0814D2087/Q           NA2X0            1  3.2  389  +265   11388 R 
    p0808D/A                                               +0   11388   
    p0808D/Q               NA2X1            2  6.2  177  +170   11558 F 
    p0812D2085/A                                           +0   11558   
    p0812D2085/Q           AN21X1           2  5.7  328  +273   11832 R 
    p0787D/A                                               +0   11832   
    p0787D/Q               NO2X1            1  3.2  159  +120   11952 F 
    p0812D/A                                               +0   11952   
    p0812D/Q               NO2X1            2  5.7  268  +196   12148 R 
    p0781D/A                                               +0   12148   
    p0781D/Q               NO2X1            1  5.7  208  +128   12276 F 
    p0810D/B                                               +0   12276   
    p0810D/Q               NO2I1X2          3  6.0  191  +159   12436 R 
    p0814D/A                                               +0   12436   
    p0814D/Q               NO2X0            1  1.9  194  +105   12540 F 
    p0828D/B                                               +0   12540   
    p0828D/Q               NO2I1X0          1  4.4  569  +416   12957 R 
    p0681DT/A                                              +0   12957   
    p0681DT/Q              ON21X1           1  4.1  213  +210   13167 F 
    p0833D/B                                               +0   13167   
    p0833D/Q               NO2I1X1          2  3.5  232  +210   13377 R 
    p0795D/A                                               +0   13377   
    p0795D/Q               NO2X0            1  3.2  222  +126   13503 F 
    p0785D/A                                               +0   13503   
    p0785D/Q               NO2X1            2  3.5  227  +181   13684 R 
    p0796D/B                                               +0   13684   
    p0796D/Q               NA2I1X0          3  5.0  284  +196   13880 F 
    p0815D/A                                               +0   13880   
    p0815D/Q               AO21X0           1  1.5  184  +555   14435 F 
    p0876D/A                                               +0   14435   
    p0876D/Q               NA2X0            2  2.9  386  +263   14698 R 
    p0881D/A                                               +0   14698   
    p0881D/Q               NA2X0            1  1.5  211  +151   14849 F 
    p0874D/A                                               +0   14849   
    p0874D/Q               NA2X0            1  1.5  311  +223   15073 R 
    p0877D/C                                               +0   15073   
    p0877D/Q               ON21X0           2  3.1  285  +212   15285 F 
    p0903D/A                                               +0   15285   
    p0903D/Q               NA2X0            2  3.5  424  +316   15601 R 
    p0953D/A                                               +0   15601   
    p0953D/Q               NA2X0            1  1.5  206  +156   15756 F 
    p1042D/A                                               +0   15756   
    p1042D/Q               NA2X0            1  1.5  312  +222   15978 R 
    p1059D/C                                               +0   15978   
    p1059D/Q               ON21X0           1  2.9  275  +208   16186 F 
    p1264D/A                                               +0   16186   
    p1264D/Q               EO3X0            1  2.1  444  +404   16591 R 
    p1337D/A                                               +0   16591   
    p1337D/Q               ON21X0           1  3.1  286  +225   16815 F 
    pcau_pc_o_reg[15]/D    SDFFQX1                         +0   16815   
    pcau_pc_o_reg[15]/CN   setup                   1000  +584   17399 F 
- - - - - - - - - - - - - - - - - - - - - - - - - - - - - - - - - - - - 
(clock MEMCLK)             capture                              12500 F 
                           latency                      +5000   17500 F 
                           uncertainty                   -100   17400 F 
------------------------------------------------------------------------
Cost Group   : 'C2C' (path_group 'C2C')
Timing slack :       1ps 
Start-point  : CORE_INSTANCE/fsm/fsm_state_o_reg[1]/C
End-point    : CORE_INSTANCE/pcau/pcau_pc_o_reg[15]/D
