Command: report datapath > reports/12-06//emc_top_datapath_generic.rpt
============================================================
  Generated by:           Encounter(R) RTL Compiler v07.20-p004_1
  Generated on:           Dec 06 2010  10:46:46 AM
  Module:                 emc_top
  Technology libraries:   D_CELLS_MOSLP_slow_1_62V_125C V 2.1.0
                          ROM4096X8_slow_1_62V_125C V 1.1.0 
                          SPRAM128X8_slow_1_62V_125C V 1.2.0 
  Operating conditions:   slow_1_62V_125C (worst_case_tree)
  Wireload mode:          enclosed
  Area mode:              timing library
============================================================


Inferred components

                   Operator   Signedness  Inputs Outputs CellArea Line Col       Filename       
================================================================================================
emc_top
 CORE_INSTANCE
  alu
   final_adder_mul_309_43
   module:add_unsigned
    very_fast         +       unsigned   16x16   16       3379.06  309  43 core_alu.v           
================================================================================================
emc_top
 CORE_INSTANCE
  pcau
   add_63_49
   module:add_unsigned_4440
    very_fast         +       unsigned   8x8     9        1373.73   63  49 core_pcau.v          
================================================================================================
emc_top
 CORE_INSTANCE
  alu
   add_166_68
   module:add_unsigned_4696
    very_fast         +       unsigned   4x3     5         394.75  166  68 core_alu.v           
================================================================================================
emc_top
 CORE_INSTANCE
  mem_ctrl
   add_188_31
   module:add_unsigned_6450
    very_fast         +       unsigned   6x4     7         734.23  188  31 core_mem_ctrl.v      
================================================================================================
emc_top
 CORE_INSTANCE
  alu
   addinc_add_106_55
   module:add_unsigned_carry_116
    very_fast         +       unsigned   4x4x1   5         521.07                               
------------------------------------------------------------------------------------------------
    add_106_55        +       unsigned   5x1     5                 106  55 core_alu.v           
    add_106_33        +       unsigned   4x4     5                 106  33 core_alu.v           
================================================================================================
emc_top
 CORE_INSTANCE
  alu
   addinc_add_110_55
   module:add_unsigned_carry_118_119
    very_fast         +       unsigned   3x3x1   4         363.17                               
------------------------------------------------------------------------------------------------
    add_110_55        +       unsigned   4x3     4                 110  55 core_alu.v           
    add_110_33        +       unsigned   3x3     4                 110  33 core_alu.v           
================================================================================================
emc_top
 CORE_INSTANCE
  alu
   addinc_add_114_51
   module:add_unsigned_carry_121_122
    very_fast         +       unsigned   1x1x1   2         102.63                               
------------------------------------------------------------------------------------------------
    add_114_51        +       unsigned   2x1     2                 114  51 core_alu.v           
    add_114_31        +       unsigned   1x1     2                 114  31 core_alu.v           
================================================================================================
emc_top
 CORE_INSTANCE
  alu
   addinc_add_188_66_Y_addinc_add_182_75
   module:add_unsigned_carry_127_128
    very_fast         +       unsigned   5x5x1   6         592.12                               
------------------------------------------------------------------------------------------------
    addinc_add_188_66
                      +       unsigned   5x5x1   6                 188  66 core_alu.v           
    addinc_add_182_75
                      +       unsigned   5x5x1   6                 182  75 core_alu.v           
================================================================================================
emc_top
 CORE_INSTANCE
  pcau
   final_adder_sub_64_50
   module:add_unsigned_carry_160
    very_fast         +       unsigned   8x8x1   8        1286.88   64  42 core_pcau.v          
================================================================================================
emc_top
 TIMERS_INSTANCE
  dut_timer2
   top_acg
    final_adder_sub_107_39_Y_sub_119_51
    module:addsub_unsigned_489
     very_fast       +,-      unsigned   26x26x1 24       6552.84                               
------------------------------------------------------------------------------------------------
     final_adder_sub_107_39
                      +       unsigned   26x26   24                107  39 timers_timer2_acg.v  
     sub_119_51       -       unsigned   24x24   24                119  51 timers_timer2_acg.v  
================================================================================================
emc_top
 CORE_INSTANCE
  alu
   final_adder_gt_314_30
   module:carry_gen_113
    very_fast   add_carry_gen x          17x17x1 1        1428.99  314  30 core_alu.v           
================================================================================================
emc_top
 CORE_INSTANCE
  alu
   csa_tree_mul_309_43
   module:csa_tree
                   wallace               8x8     16x16    4823.84                               
------------------------------------------------------------------------------------------------
    mul_309_43
     non_booth        *       unsigned   8x8     16                309  43 core_alu.v           
================================================================================================
emc_top
 CORE_INSTANCE
  pcau
   csa_tree_sub_64_50
   module:csa_tree_143_158
                   wallace               1x8x1   8x8x1      63.16                               
------------------------------------------------------------------------------------------------
    sub_64_50         -       unsigned   8x1     8                  64  50 core_pcau.v          
    add_64_42         +       unsigned   8x1     8                  64  42 core_pcau.v          
================================================================================================
emc_top
 TIMERS_INSTANCE
  dut_timer2
   top_acg
    csa_tree_sub_107_39
    module:csa_tree_172
                   wallace               24      26x26       0.00                               
------------------------------------------------------------------------------------------------
     sub_107_39       -       unsigned   24x1    24                107  39 timers_timer2_acg.v  
================================================================================================
emc_top
 TIMERS_INSTANCE
  dut_timer2
   top_acg
    csa_tree_eq_109_39
    module:csa_tree_177_224
                   wallace               26x26   24x24    1089.51                               
------------------------------------------------------------------------------------------------
     eq_109_39
      very_fast       ==      unsigned   24x1    1                 109  39 timers_timer2_acg.v  
================================================================================================
emc_top
 CORE_INSTANCE
  alu
   csa_tree_gt_314_30
   module:csa_tree_97_112
                   wallace               16x16   17x17x1   473.70                               
------------------------------------------------------------------------------------------------
    gt_314_30
     very_fast        >       unsigned   16x8    1                 314  30 core_alu.v           
================================================================================================
emc_top
 BAUD_RATE_INSTANCE
  dec_sub_228_70
  module:decrement_unsigned_14
   very_fast      decrement   unsigned   6x1     7         292.11                               
------------------------------------------------------------------------------------------------
   sub_228_70         -       unsigned   6x1     6                 228  70 baud_rate.v          
================================================================================================
emc_top
 TIMERS_INSTANCE
  dut_timer0
   dec_sub_167_61
   module:decrement_unsigned_166_167
    very_fast     decrement   unsigned   24x1    25       2044.80                               
------------------------------------------------------------------------------------------------
    sub_167_61        -       unsigned   24x1    24                167  61 timer0.v             
================================================================================================
emc_top
 TIMERS_INSTANCE
  dut_timer1
   dec_sub_167_61
   module:decrement_unsigned_166_167_4571
    very_fast     decrement   unsigned   24x1    25       2044.80                               
------------------------------------------------------------------------------------------------
    sub_167_61        -       unsigned   24x1    24                167  61 timer1.v             
================================================================================================
emc_top
 TIMERS_INSTANCE
  dut_timer2
   top_acg
    dec_sub_139_62
    module:decrement_unsigned_166_167_4595
     very_fast    decrement   unsigned   24x1    25       2044.80                               
------------------------------------------------------------------------------------------------
     sub_139_62       -       unsigned   24x1    24                139  62 timers_timer2_acg.v  
================================================================================================
emc_top
 TIMERS_INSTANCE
  dut_timer2
   top_acg
    final_adder_eq_109_39
    module:equal_adder_225
     very_fast   add_eq_m_one x          24x24   1         639.49  109  39 timers_timer2_acg.v  
================================================================================================
emc_top
 CORE_INSTANCE
  fsm
   ge70
   module:geq_unsigned
    very_fast         >=      unsigned   8x8     1         671.07  180  51 core_fsm.v           
================================================================================================
emc_top
 BAUD_RATE_INSTANCE
  ge_228_49
  module:geq_unsigned_7652
   very_fast          >=      unsigned   6x5     1         434.22  228  49 baud_rate.v          
================================================================================================
emc_top
 BAUD_RATE_INSTANCE
  ge_144_49
  module:geq_unsigned_7660
   very_fast          >=      unsigned   6x1     1         173.69   80  23 baud_rate.v          
================================================================================================
emc_top
 CORE_INSTANCE
  fsm
   ge_180_51
   module:geq_unsigned_rtlopto_model_4289
    very_fast         >=      unsigned   8x8     1         671.07  180  51 core_fsm.v           
================================================================================================
emc_top
 CORE_INSTANCE
  fsm
   gt77
   module:gt_unsigned
    very_fast         >       unsigned   8x7     1         607.91  165  54 core_fsm.v           
================================================================================================
emc_top
 CORE_INSTANCE
  alu
   gt_164_37
   module:gt_unsigned_4691
    very_fast         >       unsigned   4x4     1         307.90  164  37 core_alu.v           
================================================================================================
emc_top
 CORE_INSTANCE
  alu
   gt_180_37
   module:gt_unsigned_4691_rtlopto_model_4114
    very_fast         >       unsigned   4x4     1         307.90  180  37 core_alu.v           
================================================================================================
emc_top
 CORE_INSTANCE
  mem_ctrl
   gt_121_58
   module:gt_unsigned_6446
    very_fast         >       unsigned   16x12   1        1128.98  121  58 core_mem_ctrl.v      
================================================================================================
emc_top
 CORE_INSTANCE
  fsm
   gt_165_54
   module:gt_unsigned_rtlopto_model_4290
    very_fast         >       unsigned   8x7     1         607.91  165  54 core_fsm.v           
================================================================================================
emc_top
 CORE_INSTANCE
  fsm
   gt_163_52
   module:gt_unsigned_rtlopto_model_4291
    very_fast         >       unsigned   8x7     1         607.91  163  52 core_fsm.v           
================================================================================================
emc_top
 BAUD_RATE_INSTANCE
  inc_add_252_70
  module:increment_unsigned_1
   very_fast      increment   unsigned   5x1     6         205.27                               
------------------------------------------------------------------------------------------------
   add_252_70         +       unsigned   5x1     5                 252  70 baud_rate.v          
================================================================================================
emc_top
 CORE_INSTANCE
  alu
   inc_add_192_70
   module:increment_unsigned_114_115
    very_fast     increment   unsigned   4x1     5         189.48                               
------------------------------------------------------------------------------------------------
    add_192_70        +       unsigned   4x1     5                 192  70 core_alu.v           
================================================================================================
emc_top
 SERIAL_INSTANCE
  serial_rx_block
   serial_rx_detector
    inc_add_136_29
    module:increment_unsigned_114_115_4485
     very_fast    increment   unsigned   4x1     5         142.11                               
------------------------------------------------------------------------------------------------
     add_136_29       +       unsigned   4x1     4                 136  29 serial_rx_detector.v 
================================================================================================
emc_top
 BAUD_RATE_INSTANCE
  inc_add_168_73
  module:increment_unsigned_12_13
   very_fast      increment   unsigned   2x1     3          55.26                               
------------------------------------------------------------------------------------------------
   add_168_73         +       unsigned   2x1     2                 168  73 baud_rate.v          
================================================================================================
emc_top
 TIMERS_INSTANCE
  dut_timer0
   inc_add_140_57
   module:increment_unsigned_164_165
    very_fast     increment   unsigned   24x1    25       1871.11                               
------------------------------------------------------------------------------------------------
    add_140_57        +       unsigned   24x1    24                140  57 timer0.v             
================================================================================================
emc_top
 TIMERS_INSTANCE
  dut_timer1
   inc_add_140_57
   module:increment_unsigned_164_165_4570
    very_fast     increment   unsigned   24x1    25       1871.11                               
------------------------------------------------------------------------------------------------
    add_140_57        +       unsigned   24x1    24                140  57 timer1.v             
================================================================================================
emc_top
 TIMERS_INSTANCE
  dut_timer2
   top_acg
    inc_add_99_50
    module:increment_unsigned_164_165_4593
     very_fast    increment   unsigned   24x1    25       1871.11                               
------------------------------------------------------------------------------------------------
     add_99_50        +       unsigned   24x1    24                 99  50 timers_timer2_acg.v  
================================================================================================
emc_top
 TIMERS_INSTANCE
  dut_timer2
   top_acg
    inc_add_278_55
    module:increment_unsigned_164_165_4594
     very_fast    increment   unsigned   24x1    25       1871.11                               
------------------------------------------------------------------------------------------------
     add_278_55       +       unsigned   24x1    24                278  55 timers_timer2_acg.v  
================================================================================================
emc_top
 BAUD_RATE_INSTANCE
  inc_add_148_79
  module:increment_unsigned_1_4085
   very_fast      increment   unsigned   5x1     6         205.27                               
------------------------------------------------------------------------------------------------
   add_148_79         +       unsigned   5x1     5                 148  79 baud_rate.v          
================================================================================================
emc_top
 BAUD_RATE_INSTANCE
  inc_add_246_76
  module:increment_unsigned_1_4086
   very_fast      increment   unsigned   5x1     6         205.27                               
------------------------------------------------------------------------------------------------
   add_246_76         +       unsigned   5x1     5                 246  76 baud_rate.v          
================================================================================================
emc_top
 TIMERS_INSTANCE
  dut_timer2
   top_pdcf
    inc_add_78_31
    module:increment_unsigned_232_233
     very_fast    increment   unsigned   7x1     8         347.38                               
------------------------------------------------------------------------------------------------
     add_78_31        +       unsigned   7x1     7                  78  31 timers_timer2_pdcf.v 
================================================================================================
emc_top
 BAUD_RATE_INSTANCE
  inc_add_155_70
  module:increment_unsigned_2_3
   very_fast      increment   unsigned   1x1     2          15.79                               
------------------------------------------------------------------------------------------------
   add_155_70         +       unsigned   1x1     1                 155  70 baud_rate.v          
================================================================================================
emc_top
 BAUD_RATE_INSTANCE
  inc_add_135_40
  module:increment_unsigned_2_3_4084
   very_fast      increment   unsigned   1x1     2          15.79                               
------------------------------------------------------------------------------------------------
   add_135_40         +       unsigned   1x1     1                 135  40 baud_rate.v          
================================================================================================
emc_top
 BAUD_RATE_INSTANCE
  inc_add_281_49
  module:increment_unsigned_2_3_4087
   very_fast      increment   unsigned   1x1     2          15.79                               
------------------------------------------------------------------------------------------------
   add_281_49         +       unsigned   1x1     1                 281  49 baud_rate.v          
================================================================================================
emc_top
 CORE_INSTANCE
  fsm
   le69
   module:leq_unsigned
    very_fast         <=      unsigned   8x8     1         671.07  180  51 core_fsm.v           
================================================================================================
emc_top
 CORE_INSTANCE
  fsm
   le_180_51
   module:leq_unsigned_rtlopto_model_4292
    very_fast         <=      unsigned   8x8     1         671.07  180  51 core_fsm.v           
================================================================================================
emc_top
 CORE_INSTANCE
  alu
   lt_285_35
   module:lt_unsigned
    very_fast         <       unsigned   8x8     1         678.97  285  35 core_alu.v           
================================================================================================
emc_top
 BAUD_RATE_INSTANCE
  lt_230_50
  module:lt_unsigned_7655
   very_fast          <       unsigned   5x5     1         442.12  230  50 baud_rate.v          
================================================================================================
emc_top
 BAUD_RATE_INSTANCE
  lt_160_47
  module:lt_unsigned_7655
   very_fast          <       unsigned   5x5     1         442.12   80  23 baud_rate.v          
================================================================================================
emc_top
 CORE_INSTANCE
  alu
   rem_338_53_Y_div_337_53
   module:shared_div_rem_unsigned_284
    very_fast     /(shared)   unsigned   8x8     8x8     11810.91                               
------------------------------------------------------------------------------------------------
    rem_338_53        %       unsigned   8x8     8                 338  53 core_alu.v           
    div_337_53        /       unsigned   8x8     8                 337  53 core_alu.v           
================================================================================================
emc_top
 CORE_INSTANCE
  alu
   sub_134_46
   module:sub_unsigned_4678
    very_fast         -       unsigned   8x8     16       1484.26  134  46 core_alu.v           
================================================================================================
emc_top
 BAUD_RATE_INSTANCE
  sub_144_71
  module:sub_unsigned_7689
   very_fast          -       unsigned   6x5     6         450.01  144  71 baud_rate.v          
================================================================================================
emc_top
 CORE_INSTANCE
  alu
   subdec_sub_142_79
   module:sub_unsigned_carry_136
    very_fast         -       unsigned   4x5x1   6         576.33                               
------------------------------------------------------------------------------------------------
    sub_142_79        -       signed     5x5     5                 142  79 core_alu.v           
    sub_142_68        -       unsigned   4x1     5                 142  68 core_alu.v           
================================================================================================
emc_top
 CORE_INSTANCE
  alu
   subdec_sub_146_25
   module:sub_unsigned_carry_138_139
    very_fast         -       unsigned   3x4x1   5         410.54                               
------------------------------------------------------------------------------------------------
    sub_146_25        -       signed     4x4     4                 146  25 core_alu.v           
    sub_145_72        -       unsigned   3x1     4                 145  72 core_alu.v           
================================================================================================
emc_top
 CORE_INSTANCE
  alu
   subdec_sub_148_73
   module:sub_unsigned_carry_141_142
    very_fast         -       unsigned   1x1x1   2         126.32                               
------------------------------------------------------------------------------------------------
    sub_148_73        -       signed     2x2     2                 148  73 core_alu.v           
    sub_148_64        -       unsigned   1x1     2                 148  64 core_alu.v           
================================================================================================

      Type        CellArea Percentage 
--------------------------------------
datapath modules  62409.92      14.99 
external muxes      552.65       0.13 
others           353262.01      84.87 
--------------------------------------
total            416224.58     100.00 

