Command: report datapath > reports/12-06//emc_top_datapath_map.rpt
============================================================
  Generated by:           Encounter(R) RTL Compiler v07.20-p004_1
  Generated on:           Dec 06 2010  10:50:05 AM
  Module:                 emc_top
  Technology libraries:   D_CELLS_MOSLP_slow_1_62V_125C V 2.1.0
                          ROM4096X8_slow_1_62V_125C V 1.1.0 
                          SPRAM128X8_slow_1_62V_125C V 1.2.0 
  Operating conditions:   slow_1_62V_125C (worst_case_tree)
  Wireload mode:          enclosed
  Area mode:              timing library
============================================================


Inferred components

                 Operator Signedness  Inputs Outputs CellArea Line Col       Filename      
===========================================================================================
emc_top
 CORE_INSTANCE
  alu
   final_adder_mul_309_43
   module:add_unsigned
    slow            +     unsigned   16x16   16        827.41  309  43 core_alu.v          
===========================================================================================
emc_top
 TIMERS_INSTANCE
  dut_timer2
   top_acg
    final_adder_sub_107_39_Y_sub_119_51
    module:addsub_unsigned_489
     very_fast     +,-    unsigned   26x26x1 24       1598.69                              
-------------------------------------------------------------------------------------------
     final_adder_sub_107_39
                    +     unsigned   26x26   24                107  39 timers_timer2_acg.v 
     sub_119_51     -     unsigned   24x24   24                119  51 timers_timer2_acg.v 
===========================================================================================
emc_top
 CORE_INSTANCE
  alu
   csa_tree_mul_309_43
   module:csa_tree
                 wallace             8x8     16x16    4127.32                              
-------------------------------------------------------------------------------------------
    mul_309_43
     non_booth      *     unsigned   8x8     16                309  43 core_alu.v          
===========================================================================================
emc_top
 TIMERS_INSTANCE
  dut_timer0
   dec_sub_167_61
   module:decrement_unsigned_166_167
    slow        decrement unsigned   24x1    25        590.28                              
-------------------------------------------------------------------------------------------
    sub_167_61      -     unsigned   24x1    24                167  61 timer0.v            
===========================================================================================
emc_top
 TIMERS_INSTANCE
  dut_timer1
   dec_sub_167_61
   module:decrement_unsigned_166_167_4571
    slow        decrement unsigned   24x1    25        590.28                              
-------------------------------------------------------------------------------------------
    sub_167_61      -     unsigned   24x1    24                167  61 timer1.v            
===========================================================================================
emc_top
 TIMERS_INSTANCE
  dut_timer2
   top_acg
    dec_sub_139_62
    module:decrement_unsigned_166_167_4595
     slow       decrement unsigned   24x1    25        590.28                              
-------------------------------------------------------------------------------------------
     sub_139_62     -     unsigned   24x1    24                139  62 timers_timer2_acg.v 
===========================================================================================
emc_top
 TIMERS_INSTANCE
  dut_timer0
   inc_add_140_57
   module:increment_unsigned_164_165
    very_fast   increment unsigned   24x1    25        621.03                              
-------------------------------------------------------------------------------------------
    add_140_57      +     unsigned   24x1    24                140  57 timer0.v            
===========================================================================================
emc_top
 TIMERS_INSTANCE
  dut_timer1
   inc_add_140_57
   module:increment_unsigned_164_165_4570
    very_fast   increment unsigned   24x1    25        621.03                              
-------------------------------------------------------------------------------------------
    add_140_57      +     unsigned   24x1    24                140  57 timer1.v            
===========================================================================================
emc_top
 TIMERS_INSTANCE
  dut_timer2
   top_acg
    inc_add_99_50
    module:increment_unsigned_164_165_4593
     very_fast  increment unsigned   24x1    25        621.03                              
-------------------------------------------------------------------------------------------
     add_99_50      +     unsigned   24x1    24                 99  50 timers_timer2_acg.v 
===========================================================================================
emc_top
 TIMERS_INSTANCE
  dut_timer2
   top_acg
    inc_add_278_55
    module:increment_unsigned_164_165_4594
     very_fast  increment unsigned   24x1    25        621.03                              
-------------------------------------------------------------------------------------------
     add_278_55     +     unsigned   24x1    24                278  55 timers_timer2_acg.v 
===========================================================================================
emc_top
 CORE_INSTANCE
  alu
   rem_338_53_Y_div_337_53
   module:shared_div_rem_unsigned_284
    very_fast   /(shared) unsigned   8x8     8x8      5147.82                              
-------------------------------------------------------------------------------------------
    rem_338_53      %     unsigned   8x8     8                 338  53 core_alu.v          
    div_337_53      /     unsigned   8x8     8                 337  53 core_alu.v          
===========================================================================================

      Type        CellArea Percentage 
--------------------------------------
datapath modules  15956.22       5.88 
external muxes        0.00       0.00 
others           255246.70      94.12 
--------------------------------------
total            271202.92     100.00 

