============================================================
  Generated by:           Encounter(R) RTL Compiler v07.10-s016_1
  Generated on:           Sep 09 2010  01:17:02 PM
  Module:                 serial_top
  Technology library:     D_CELLS_JI_MOSLP_typ_1_80V_25C V 1.0.0
  Operating conditions:   TYPICAL (balanced_tree)
  Wireload mode:          enclosed
============================================================

                                                                     Instantiated/           
                              Register                                  Inferred      Type   
---------------------------------------------------------------------------------------------
serial_rx_block_serial_rx_input_shifter_reg_data_received_reg[2]     inferred      flip-flop 
serial_rx_block_serial_rx_input_shifter_reg_data_received_reg[3]     inferred      flip-flop 
serial_rx_block_serial_rx_input_shifter_reg_data_received_reg[4]     inferred      flip-flop 
serial_rx_block_serial_rx_input_shifter_reg_data_received_reg[5]     inferred      flip-flop 
serial_rx_block_serial_rx_input_shifter_reg_data_received_reg[6]     inferred      flip-flop 
serial_rx_block_serial_rx_input_shifter_reg_data_received_reg[7]     inferred      flip-flop 
serial_rx_block_serial_rx_input_shifter_reg_data_received_reg[8]     inferred      flip-flop 
serial_rx_block_serial_rx_input_shifter_reg_data_received_reg[9]     inferred      flip-flop 
serial_tx_block_serial_tx_control_state_reg[0]                       inferred      flip-flop 
serial_rx_block_serial_rx_input_shifter_reg_data_received_reg[1]     inferred      flip-flop 
serial_rx_block_serial_rx_control_state_reg[1]                       inferred      flip-flop 
serial_rx_block_serial_rx_control_state_reg[2]                       inferred      flip-flop 
serial_tx_block_serial_tx_control_state_reg[2]                       inferred      flip-flop 
serial_tx_block_serial_tx_control_state_reg[1]                       inferred      flip-flop 
serial_rx_block_serial_rx_control_state_reg[3]                       inferred      flip-flop 
serial_rx_block_serial_rx_control_state_reg[0]                       inferred      flip-flop 
serial_tx_block_serial_tx_control_state_reg[3]                       inferred      flip-flop 
serial_tx_block_serial_tx_output_shifter_reg_data_to_transmit_reg[6] inferred      flip-flop 
serial_tx_block_serial_tx_output_shifter_reg_data_to_transmit_reg[0] inferred      flip-flop 
serial_tx_block_serial_tx_output_shifter_reg_data_to_transmit_reg[1] inferred      flip-flop 
serial_tx_block_serial_tx_output_shifter_reg_data_to_transmit_reg[2] inferred      flip-flop 
serial_tx_block_serial_tx_output_shifter_reg_data_to_transmit_reg[3] inferred      flip-flop 
serial_tx_block_serial_tx_output_shifter_reg_data_to_transmit_reg[4] inferred      flip-flop 
serial_tx_block_serial_tx_output_shifter_reg_data_to_transmit_reg[5] inferred      flip-flop 
serial_tx_block_serial_tx_output_shifter_reg_data_to_transmit_reg[7] inferred      flip-flop 
serial_tx_block_serial_tx_output_shifter_reg_data_to_transmit_reg[8] inferred      flip-flop 
serial_rx_block_serial_rx_input_shifter_reg_data_received_reg[0]     inferred      flip-flop 
serial_rx_block_serial_rx_input_shifter_reg_scon2_rb8_reg            inferred      flip-flop 
serial_rx_block_serial_rx_input_shifter_reg_sbuf_rx_reg[1]           inferred      flip-flop 
serial_rx_block_serial_rx_detector_clear_reg                         inferred      flip-flop 
serial_rx_block_serial_rx_input_shifter_reg_sbuf_rx_reg[3]           inferred      flip-flop 
serial_rx_block_serial_rx_input_shifter_reg_sbuf_rx_reg[2]           inferred      flip-flop 
serial_rx_block_serial_rx_input_shifter_reg_sbuf_rx_reg[4]           inferred      flip-flop 
serial_rx_block_serial_rx_input_shifter_reg_sbuf_rx_reg[5]           inferred      flip-flop 
serial_rx_block_serial_rx_input_shifter_reg_sbuf_rx_reg[6]           inferred      flip-flop 
serial_rx_block_serial_rx_input_shifter_reg_sbuf_rx_reg[0]           inferred      flip-flop 
serial_tx_block_serial_tx_output_shifter_reg_data_tx_reg             inferred      flip-flop 
serial_rx_block_serial_rx_detector_aux2_bit_det_reg                  inferred      flip-flop 
serial_rx_block_serial_rx_control_start_input_shift_reg_reg          inferred      flip-flop 
serial_rx_block_serial_rx_detector_aux3_bit_det_reg                  inferred      flip-flop 
serial_tx_block_serial_tx_control_send_reg                           inferred      flip-flop 
serial_tx_block_serial_tx_control_p3en_1_reg                         inferred      flip-flop 
serial_tx_block_serial_tx_control_p3en_0_reg                         inferred      flip-flop 
serial_tx_block_serial_tx_control_do_first_shift_flag_reg            inferred      flip-flop 
serial_rx_block_serial_rx_input_shifter_reg_sbuf_rx_reg[7]           inferred      flip-flop 
serial_tx_block_serial_tx_control_shift_reg                          inferred      flip-flop 
serial_tx_block_serial_tx_control_stop_bit_gen_reg                   inferred      flip-flop 
serial_rx_block_serial_rx_detector_aux1_bit_det_reg                  inferred      flip-flop 
serial_rx_block_serial_rx_control_p3en_1_reg                         inferred      flip-flop 
serial_rx_block_serial_rx_detector_counter_reg[3]97                  inferred      flip-flop 
serial_tx_block_serial_tx_output_shifter_reg_end_bit_reg             inferred      flip-flop 
serial_tx_block_serial_tx_control_start_shifter_reg_reg              inferred      flip-flop 
serial_rx_block_serial_rx_control_receive_reg                        inferred      flip-flop 
serial_rx_block_serial_rx_control_load_sbuf_reg                      inferred      flip-flop 
serial_rx_block_serial_rx_control_clear_count_reg                    inferred      flip-flop 
serial_rx_block_serial_rx_control_shift_input_shift_reg_reg          inferred      flip-flop 
serial_rx_block_serial_rx_detector_counter_reg[2]96                  inferred      flip-flop 
serial_rx_block_serial_rx_detector_transition_detected_reg           inferred      flip-flop 
serial_rx_block_serial_rx_control_scon0_ri_o_reg                     inferred      flip-flop 
serial_tx_block_serial_tx_control_br_detect_reg                      inferred      flip-flop 
serial_rx_block_serial_rx_control_br_detect_reg                      inferred      flip-flop 
serial_rx_block_serial_rx_detector_counter_reg[1]94                  inferred      flip-flop 
serial_tx_block_serial_tx_control_data_en_reg                        inferred      flip-flop 
serial_rx_block_serial_rx_input_shifter_reg_end_bit_reg              inferred      flip-flop 
serial_rx_block_serial_rx_detector_counter_reg[0]92                  inferred      flip-flop 
serial_rx_block_serial_rx_detector_sample_detected_reg109            inferred      flip-flop 
serial_rx_block_serial_rx_detector_aux2_br_trans_det_reg             inferred      flip-flop 
serial_rx_block_serial_rx_control_aux2_tran_det_reg                  inferred      flip-flop 
serial_rx_block_serial_rx_detector_aux2_tran_det_reg                 inferred      flip-flop 
serial_tx_block_serial_tx_control_aux2_tran_det_reg                  inferred      flip-flop 
serial_rx_block_serial_rx_control_p3en_0_reg                         inferred      flip-flop 
serial_tx_block_serial_tx_control_aux_tran_det_reg                   inferred      flip-flop 
serial_rx_block_serial_rx_detector_aux_br_trans_det_reg              inferred      flip-flop 
serial_rx_block_serial_rx_control_aux_tran_det_reg                   inferred      flip-flop 
serial_rx_block_serial_rx_detector_aux_reset_reg                     inferred      flip-flop 
serial_rx_block_serial_rx_detector_aux_tran_det_reg                  inferred      flip-flop 
