============================================================
  Generated by:           Encounter(R) RTL Compiler v07.10-s016_1
  Generated on:           Sep 09 2010  01:17:02 PM
  Module:                 serial_top
  Technology library:     D_CELLS_JI_MOSLP_typ_1_80V_25C V 1.0.0
  Operating conditions:   TYPICAL (balanced_tree)
  Wireload mode:          enclosed
============================================================

                              
   Gate   Instances    Area                Library              
----------------------------------------------------------------
AN211JIX0         2    30.544    D_CELLS_JI_MOSLP_typ_1_80V_25C 
AN21JIX0          8    97.581    D_CELLS_JI_MOSLP_typ_1_80V_25C 
AN221JIX0         1    18.346    D_CELLS_JI_MOSLP_typ_1_80V_25C 
AN22JIX0          9   137.448    D_CELLS_JI_MOSLP_typ_1_80V_25C 
AN311JIX0         1    18.346    D_CELLS_JI_MOSLP_typ_1_80V_25C 
AN32JIX0          3    55.039    D_CELLS_JI_MOSLP_typ_1_80V_25C 
AND2JIX0         43   524.497    D_CELLS_JI_MOSLP_typ_1_80V_25C 
AND3JIX0          4    61.088    D_CELLS_JI_MOSLP_typ_1_80V_25C 
AO21JIX0          4    61.088    D_CELLS_JI_MOSLP_typ_1_80V_25C 
AO221JIX0         8   171.366    D_CELLS_JI_MOSLP_typ_1_80V_25C 
AO222JIX0         8   195.962    D_CELLS_JI_MOSLP_typ_1_80V_25C 
AO22JIX0          3    55.039    D_CELLS_JI_MOSLP_typ_1_80V_25C 
AO31JIX0          1    18.346    D_CELLS_JI_MOSLP_typ_1_80V_25C 
AO32JIX0          1    21.421    D_CELLS_JI_MOSLP_typ_1_80V_25C 
BUJIX0            3    36.593    D_CELLS_JI_MOSLP_typ_1_80V_25C 
DFRJIX0           4   208.659    D_CELLS_JI_MOSLP_typ_1_80V_25C 
DFRQJIX0         72  3534.509    D_CELLS_JI_MOSLP_typ_1_80V_25C 
EN2JIX0           1    15.272    D_CELLS_JI_MOSLP_typ_1_80V_25C 
EO2JIX0           2    30.544    D_CELLS_JI_MOSLP_typ_1_80V_25C 
INJIX0           22   133.074    D_CELLS_JI_MOSLP_typ_1_80V_25C 
MU2IJIX0          3    55.039    D_CELLS_JI_MOSLP_typ_1_80V_25C 
MU2JIX0           1    21.421    D_CELLS_JI_MOSLP_typ_1_80V_25C 
NA2I1JIX0        14   170.766    D_CELLS_JI_MOSLP_typ_1_80V_25C 
NA2JIX0          15   136.848    D_CELLS_JI_MOSLP_typ_1_80V_25C 
NA3I1JIX0         6    91.632    D_CELLS_JI_MOSLP_typ_1_80V_25C 
NA3JIX0          10   121.976    D_CELLS_JI_MOSLP_typ_1_80V_25C 
NO2I1JIX0        25   304.940    D_CELLS_JI_MOSLP_typ_1_80V_25C 
NO2JIX0          18   164.218    D_CELLS_JI_MOSLP_typ_1_80V_25C 
NO3I1JIX0         4    61.088    D_CELLS_JI_MOSLP_typ_1_80V_25C 
NO3JIX0           7    85.383    D_CELLS_JI_MOSLP_typ_1_80V_25C 
OA21JIX0          1    15.272    D_CELLS_JI_MOSLP_typ_1_80V_25C 
ON211JIX0         1    15.272    D_CELLS_JI_MOSLP_typ_1_80V_25C 
ON21JIX0         10   121.976    D_CELLS_JI_MOSLP_typ_1_80V_25C 
ON221JIX0         4    73.386    D_CELLS_JI_MOSLP_typ_1_80V_25C 
ON22JIX0          3    45.816    D_CELLS_JI_MOSLP_typ_1_80V_25C 
ON31JIX0          1    15.272    D_CELLS_JI_MOSLP_typ_1_80V_25C 
OR2JIX0           5    60.988    D_CELLS_JI_MOSLP_typ_1_80V_25C 
OR3JIX0           2    30.544    D_CELLS_JI_MOSLP_typ_1_80V_25C 
OR4JIX0           2    48.990    D_CELLS_JI_MOSLP_typ_1_80V_25C 
OR6JIX0           1    33.718    D_CELLS_JI_MOSLP_typ_1_80V_25C 
----------------------------------------------------------------
total           333  7099.308                                   

                                     
   Type    Instances   Area   Area % 
-------------------------------------
sequential        76 3743.168   52.7 
inverter          22  133.074    1.9 
buffer             3   36.593    0.5 
logic            232 3186.474   44.9 
-------------------------------------
total            333 7099.308  100.0 

