============================================================
  Generated by:           Encounter(R) RTL Compiler v07.20-p004_1
  Generated on:           Dec 06 2010  10:51:28 AM
  Module:                 emc_top
  Technology libraries:   D_CELLS_MOSLP_slow_1_62V_125C V 2.1.0
                          ROM4096X8_slow_1_62V_125C V 1.1.0 
                          SPRAM128X8_slow_1_62V_125C V 1.2.0 
  Operating conditions:   slow_1_62V_125C (worst_case_tree)
  Wireload mode:          enclosed
  Area mode:              timing library
============================================================

                                 
   Gate    Instances     Area                 Library             
------------------------------------------------------------------
AN211X0           44     676.368    D_CELLS_MOSLP_slow_1_62V_125C 
AN21X0           162    1992.211    D_CELLS_MOSLP_slow_1_62V_125C 
AN21X1             6      74.386    D_CELLS_MOSLP_slow_1_62V_125C 
AN221X0          129    2379.586    D_CELLS_MOSLP_slow_1_62V_125C 
AN221X1            4      86.083    D_CELLS_MOSLP_slow_1_62V_125C 
AN222X0           62    1334.290    D_CELLS_MOSLP_slow_1_62V_125C 
AN222X1            1      24.595    D_CELLS_MOSLP_slow_1_62V_125C 
AN22X0           193    2966.796    D_CELLS_MOSLP_slow_1_62V_125C 
AN22X1             1      15.472    D_CELLS_MOSLP_slow_1_62V_125C 
AN311X0           12     221.357    D_CELLS_MOSLP_slow_1_62V_125C 
AN31X0            23     353.556    D_CELLS_MOSLP_slow_1_62V_125C 
AN321X0           43     921.094    D_CELLS_MOSLP_slow_1_62V_125C 
AN32X0            41     756.302    D_CELLS_MOSLP_slow_1_62V_125C 
AN33X0             5     107.604    D_CELLS_MOSLP_slow_1_62V_125C 
AND2X0           188    2311.949    D_CELLS_MOSLP_slow_1_62V_125C 
AND2X1             8      99.181    D_CELLS_MOSLP_slow_1_62V_125C 
AND2X4             1      27.670    D_CELLS_MOSLP_slow_1_62V_125C 
AND3X0            24     368.928    D_CELLS_MOSLP_slow_1_62V_125C 
AND4X0             9     221.357    D_CELLS_MOSLP_slow_1_62V_125C 
AND5X0             6     166.018    D_CELLS_MOSLP_slow_1_62V_125C 
AND6X0            14     430.416    D_CELLS_MOSLP_slow_1_62V_125C 
AO211X0           26     479.606    D_CELLS_MOSLP_slow_1_62V_125C 
AO21X0           144    2213.568    D_CELLS_MOSLP_slow_1_62V_125C 
AO21X1             1      18.446    D_CELLS_MOSLP_slow_1_62V_125C 
AO221X0          127    2733.142    D_CELLS_MOSLP_slow_1_62V_125C 
AO221X1            1      24.595    D_CELLS_MOSLP_slow_1_62V_125C 
AO222X0          118    2902.234    D_CELLS_MOSLP_slow_1_62V_125C 
AO22X0           468    8632.915    D_CELLS_MOSLP_slow_1_62V_125C 
AO311X0            3      64.562    D_CELLS_MOSLP_slow_1_62V_125C 
AO31X0            10     184.464    D_CELLS_MOSLP_slow_1_62V_125C 
AO31X1             1      21.521    D_CELLS_MOSLP_slow_1_62V_125C 
AO321X0           26     639.475    D_CELLS_MOSLP_slow_1_62V_125C 
AO32X0            35     753.228    D_CELLS_MOSLP_slow_1_62V_125C 
AO33X0             6     147.571    D_CELLS_MOSLP_slow_1_62V_125C 
BUCX4              3      73.786    D_CELLS_MOSLP_slow_1_62V_125C 
BUX0              30     368.928    D_CELLS_MOSLP_slow_1_62V_125C 
BUX4              62    1524.902    D_CELLS_MOSLP_slow_1_62V_125C 
DFFQX1             1      52.265    D_CELLS_MOSLP_slow_1_62V_125C 
EN2X0            130    1998.360    D_CELLS_MOSLP_slow_1_62V_125C 
EN3X0             15     415.044    D_CELLS_MOSLP_slow_1_62V_125C 
EO2X0             74    1137.528    D_CELLS_MOSLP_slow_1_62V_125C 
EO3X0             11     304.366    D_CELLS_MOSLP_slow_1_62V_125C 
FAX0              43    2247.386    D_CELLS_MOSLP_slow_1_62V_125C 
FAX1               5     292.068    D_CELLS_MOSLP_slow_1_62V_125C 
HAX0               6     184.464    D_CELLS_MOSLP_slow_1_62V_125C 
HAX1               1      30.844    D_CELLS_MOSLP_slow_1_62V_125C 
INX0             609    3744.619    D_CELLS_MOSLP_slow_1_62V_125C 
INX1              14      87.483    D_CELLS_MOSLP_slow_1_62V_125C 
INX2               2      18.446    D_CELLS_MOSLP_slow_1_62V_125C 
INX4               8     147.571    D_CELLS_MOSLP_slow_1_62V_125C 
LOGIC0             2      12.298    D_CELLS_MOSLP_slow_1_62V_125C 
LOGIC1             2      12.298    D_CELLS_MOSLP_slow_1_62V_125C 
MU2IX0            39     719.410    D_CELLS_MOSLP_slow_1_62V_125C 
MU2X0             13     279.770    D_CELLS_MOSLP_slow_1_62V_125C 
NA2I1X0          217    2668.579    D_CELLS_MOSLP_slow_1_62V_125C 
NA2I1X1            2      30.744    D_CELLS_MOSLP_slow_1_62V_125C 
NA2I1X2            1      18.446    D_CELLS_MOSLP_slow_1_62V_125C 
NA2I1X4            1      30.744    D_CELLS_MOSLP_slow_1_62V_125C 
NA2X0            679    6262.553    D_CELLS_MOSLP_slow_1_62V_125C 
NA2X1             68     633.978    D_CELLS_MOSLP_slow_1_62V_125C 
NA2X2              5      76.860    D_CELLS_MOSLP_slow_1_62V_125C 
NA2X4              1      30.744    D_CELLS_MOSLP_slow_1_62V_125C 
NA3I1X0           27     415.044    D_CELLS_MOSLP_slow_1_62V_125C 
NA3I2X0            1      21.521    D_CELLS_MOSLP_slow_1_62V_125C 
NA3X0             87    1069.891    D_CELLS_MOSLP_slow_1_62V_125C 
NA3X1              5      61.988    D_CELLS_MOSLP_slow_1_62V_125C 
NA6I3X0            1      36.893    D_CELLS_MOSLP_slow_1_62V_125C 
NA6X0              7     236.729    D_CELLS_MOSLP_slow_1_62V_125C 
NA6X2              1      39.967    D_CELLS_MOSLP_slow_1_62V_125C 
NO2I1X0          307    3775.363    D_CELLS_MOSLP_slow_1_62V_125C 
NO2I1X1           45     557.892    D_CELLS_MOSLP_slow_1_62V_125C 
NO2I1X2            7     150.646    D_CELLS_MOSLP_slow_1_62V_125C 
NO2X0            553    5100.430    D_CELLS_MOSLP_slow_1_62V_125C 
NO2X1             45     419.544    D_CELLS_MOSLP_slow_1_62V_125C 
NO2X2              2      30.744    D_CELLS_MOSLP_slow_1_62V_125C 
NO2X4              1      27.670    D_CELLS_MOSLP_slow_1_62V_125C 
NO3I1X0           65     999.180    D_CELLS_MOSLP_slow_1_62V_125C 
NO3I2X0            2      43.042    D_CELLS_MOSLP_slow_1_62V_125C 
NO3I2X1            1      21.621    D_CELLS_MOSLP_slow_1_62V_125C 
NO3X0             51     627.178    D_CELLS_MOSLP_slow_1_62V_125C 
NO3X1              2      30.744    D_CELLS_MOSLP_slow_1_62V_125C 
NO5I2X0            1      33.818    D_CELLS_MOSLP_slow_1_62V_125C 
NO5I3X0            1      33.818    D_CELLS_MOSLP_slow_1_62V_125C 
NO6X0              4     135.274    D_CELLS_MOSLP_slow_1_62V_125C 
OA211X0           10     184.464    D_CELLS_MOSLP_slow_1_62V_125C 
OA21X0            32     491.904    D_CELLS_MOSLP_slow_1_62V_125C 
OA221X0            7     150.646    D_CELLS_MOSLP_slow_1_62V_125C 
OA22X0             4      73.786    D_CELLS_MOSLP_slow_1_62V_125C 
OA31X0             1      18.446    D_CELLS_MOSLP_slow_1_62V_125C 
OA321X0            6     147.571    D_CELLS_MOSLP_slow_1_62V_125C 
OA32X0             2      43.042    D_CELLS_MOSLP_slow_1_62V_125C 
OA33X0             1      24.595    D_CELLS_MOSLP_slow_1_62V_125C 
ON211X0           98    1506.456    D_CELLS_MOSLP_slow_1_62V_125C 
ON211X1            2      36.893    D_CELLS_MOSLP_slow_1_62V_125C 
ON21X0           232    2853.043    D_CELLS_MOSLP_slow_1_62V_125C 
ON21X1            11     169.092    D_CELLS_MOSLP_slow_1_62V_125C 
ON221X0           79    1457.266    D_CELLS_MOSLP_slow_1_62V_125C 
ON222X0            9     193.687    D_CELLS_MOSLP_slow_1_62V_125C 
ON22X0            36     553.392    D_CELLS_MOSLP_slow_1_62V_125C 
ON22X1             1      18.446    D_CELLS_MOSLP_slow_1_62V_125C 
ON311X0           12     221.357    D_CELLS_MOSLP_slow_1_62V_125C 
ON31X0            23     353.556    D_CELLS_MOSLP_slow_1_62V_125C 
ON31X1             1      18.446    D_CELLS_MOSLP_slow_1_62V_125C 
ON321X0           32     688.666    D_CELLS_MOSLP_slow_1_62V_125C 
ON32X0            12     221.357    D_CELLS_MOSLP_slow_1_62V_125C 
ON33X0             1      21.521    D_CELLS_MOSLP_slow_1_62V_125C 
ON33X1             1      24.595    D_CELLS_MOSLP_slow_1_62V_125C 
OR2X0             84    1032.998    D_CELLS_MOSLP_slow_1_62V_125C 
OR2X1              3      37.193    D_CELLS_MOSLP_slow_1_62V_125C 
OR2X2              1      15.372    D_CELLS_MOSLP_slow_1_62V_125C 
OR3X0             13     199.836    D_CELLS_MOSLP_slow_1_62V_125C 
OR4X0              8     196.762    D_CELLS_MOSLP_slow_1_62V_125C 
OR5X0             15     415.044    D_CELLS_MOSLP_slow_1_62V_125C 
OR6X0              4     135.274    D_CELLS_MOSLP_slow_1_62V_125C 
ROM4096X8          1  101042.670    ROM4096X8_slow_1_62V_125C     
SDFFQX0           36    2324.246    D_CELLS_MOSLP_slow_1_62V_125C 
SDFFQX1            9     636.401    D_CELLS_MOSLP_slow_1_62V_125C 
SDFFQX2           16    1132.979    D_CELLS_MOSLP_slow_1_62V_125C 
SDFFQX4            2     166.018    D_CELLS_MOSLP_slow_1_62V_125C 
SDFFSQX2           4     307.840    D_CELLS_MOSLP_slow_1_62V_125C 
SDFFX4             3     285.919    D_CELLS_MOSLP_slow_1_62V_125C 
SDFRQX0          606   39124.814    D_CELLS_MOSLP_slow_1_62V_125C 
SDFRQX1            9     636.401    D_CELLS_MOSLP_slow_1_62V_125C 
SDFRQX2           16    1132.979    D_CELLS_MOSLP_slow_1_62V_125C 
SDFRQX4            1      83.009    D_CELLS_MOSLP_slow_1_62V_125C 
SDFRX0             7     473.458    D_CELLS_MOSLP_slow_1_62V_125C 
SPRAM128X8         1   37980.810    SPRAM128X8_slow_1_62V_125C    
------------------------------------------------------------------
total           6654  268456.274                                  

           Library            Instances Instances % 
----------------------------------------------------
D_CELLS_MOSLP_slow_1_62V_125C      6652       100.0 
ROM4096X8_slow_1_62V_125C             1         0.0 
SPRAM128X8_slow_1_62V_125C            1         0.0 

                                         
    Type     Instances    Area    Area % 
-----------------------------------------
timing_model         2 139023.480   51.8 
sequential         710  46356.329   17.3 
inverter           633   3998.120    1.5 
buffer              95   1967.616    0.7 
logic             5214  77110.729   28.7 
-----------------------------------------
total             6654 268456.274  100.0 

