Verify Density report created on Thu Dec  9 15:10:31 2010

    Layer    Density(%)          Window  
***************************************************

      M4       18.52    (250 750) (350 850)
      M4        5.37    (300 750) (400 850)
      M4        8.28    (350 750) (450 850)
      M4       10.10    (400 750) (500 850)
      M4        8.29    (450 750) (550 850)
      M4        6.91    (500 750) (600 850)
      M4        8.44    (550 750) (650 850)
      M4        9.92    (600 750) (700 850)
      M4       15.28    (650 750) (750 850)
      M4       15.28    (250 800) (350 900)
      M4        0.00    (300 800) (400 900)
      M4        0.00    (350 800) (450 900)
      M4        0.00    (400 800) (500 900)
      M4        0.00    (450 800) (550 900)
      M4        0.00    (500 800) (600 900)
      M4        0.00    (550 800) (650 900)
      M4        0.00    (600 800) (700 900)
      M4       13.00    (650 800) (750 900)
      M4       14.66    (800 800) (900 900)
      M4        0.00    (850 800) (950 900)
      M4        0.00    (900 800) (1000 900)
      M4       15.50    (250 850) (350 950)
      M4        0.00    (300 850) (400 950)
      M4        0.00    (350 850) (450 950)
      M4        0.00    (400 850) (500 950)
      M4        0.00    (450 850) (550 950)
      M4        0.00    (500 850) (600 950)
      M4        0.00    (550 850) (650 950)
      M4        0.00    (600 850) (700 950)
      M4       13.18    (650 850) (750 950)
      M4       14.63    (800 850) (900 950)
      M4        0.00    (850 850) (950 950)
      M4        0.00    (900 850) (1000 950)
      M4       16.01    (250 900) (350 1000)
      M4        0.00    (300 900) (400 1000)
      M4        0.00    (350 900) (450 1000)
      M4        0.00    (400 900) (500 1000)
      M4        0.00    (450 900) (550 1000)
      M4        0.00    (500 900) (600 1000)
      M4        0.00    (550 900) (650 1000)
      M4        0.00    (600 900) (700 1000)
      M4       13.04    (650 900) (750 1000)
      M4       13.55    (800 900) (900 1000)
      M4        0.00    (850 900) (950 1000)
      M4        0.00    (900 900) (1000 1000)
      M4       18.51    (950 900) (1050 1000)
      M4       19.55    (300 950) (400 1050)
      M4       18.53    (500 950) (600 1050)
      M4       19.56    (550 950) (650 1050)

      M5        8.19    (300 750) (400 850)
      M5        8.81    (350 750) (450 850)
      M5       10.74    (400 750) (500 850)
      M5       10.75    (450 750) (550 850)
      M5        9.71    (500 750) (600 850)
      M5       11.86    (550 750) (650 850)
      M5       13.86    (600 750) (700 850)
      M5       18.32    (800 750) (900 850)
      M5       17.02    (850 750) (950 850)
      M5       16.45    (900 750) (1000 850)
      M5        0.00    (300 800) (400 900)
      M5        0.00    (350 800) (450 900)
      M5        0.00    (400 800) (500 900)
      M5        0.00    (450 800) (550 900)
      M5        0.00    (500 800) (600 900)
      M5        0.00    (550 800) (650 900)
      M5        0.00    (600 800) (700 900)
      M5        3.00    (800 800) (900 900)
      M5        0.00    (850 800) (950 900)
      M5        0.00    (900 800) (1000 900)
      M5       19.38    (250 850) (350 950)
      M5        0.00    (300 850) (400 950)
      M5        0.00    (350 850) (450 950)
      M5        0.00    (400 850) (500 950)
      M5        0.00    (450 850) (550 950)
      M5        0.00    (500 850) (600 950)
      M5        0.00    (550 850) (650 950)
      M5        0.00    (600 850) (700 950)
      M5        3.00    (800 850) (900 950)
      M5        0.00    (850 850) (950 950)
      M5        0.00    (900 850) (1000 950)
      M5       16.51    (250 900) (350 1000)
      M5        0.00    (300 900) (400 1000)
      M5        0.00    (350 900) (450 1000)
      M5        0.00    (400 900) (500 1000)
      M5        0.00    (450 900) (550 1000)
      M5        0.00    (500 900) (600 1000)
      M5        0.00    (550 900) (650 1000)
      M5        0.00    (600 900) (700 1000)
      M5        1.60    (800 900) (900 1000)
      M5        0.00    (850 900) (950 1000)
      M5        0.00    (900 900) (1000 1000)
      M5       18.61    (950 900) (1050 1000)


A total of 92 density violation(s).
Windows < Min. Density = 92
Windows > Max. Density = 0
