============================================================
  Generated by:           Encounter(R) RTL Compiler v07.20-p004_1
  Generated on:           Dec 06 2010  10:51:28 AM
  Module:                 emc_top
  Technology libraries:   D_CELLS_MOSLP_slow_1_62V_125C V 2.1.0
                          ROM4096X8_slow_1_62V_125C V 1.1.0 
                          SPRAM128X8_slow_1_62V_125C V 1.2.0 
  Operating conditions:   slow_1_62V_125C (worst_case_tree)
  Wireload mode:          enclosed
  Area mode:              timing library
============================================================

                                         Leakage     Dynamic       Total    
             Instance             Cells Power(nW)   Power(nW)    Power(nW)  
----------------------------------------------------------------------------
emc_top                            6654  2513.912 11301127.561 11303641.473 
  CORE_INSTANCE                    4709  2013.831  4661014.274  4663028.105 
    mem_ctrl                         87  1057.718  1337124.675  1338182.393 
    reg_ctrl                       1286   415.536  2300438.209  2300853.746 
    fsm                            2133   339.417   789030.948   789370.365 
    alu                            1057   157.126    70596.088    70753.214 
      rem_338_53_Y_div_337_53       431    60.545    39329.083    39389.628 
      csa_tree_mul_309_43           304    44.053     5806.008     5850.061 
      final_adder_mul_309_43         44     9.526     1022.638     1032.164 
    pcau                            127    31.953   115173.250   115205.203 
  TIMERS_INSTANCE                  1040   256.967   714762.853   715019.821 
    dut_timer2                      681   167.393   482948.788   483116.181 
      top_acg                       602   145.600   422496.345   422641.945 
        final_adde.._Y_sub_119_51    48    17.763    51988.424    52006.188 
        inc_add_278_55               45     9.099    11911.276    11920.375 
        inc_add_99_50                45     9.099    14762.705    14771.804 
        dec_sub_139_62               56     6.874    21915.806    21922.680 
      top_pdcf                       50    12.859    36298.443    36311.302 
      top_pdf                        29     8.934    24154.000    24162.934 
    dut_timer0                      177    44.067   118050.530   118094.597 
      inc_add_140_57                 45     9.099    11745.407    11754.506 
      dec_sub_167_61                 56     6.874    16129.793    16136.667 
    dut_timer1                      177    44.067   101569.466   101613.533 
      inc_add_140_57                 45     9.099     9742.985     9752.084 
      dec_sub_167_61                 56     6.874    12422.864    12429.738 
  SERIAL_INSTANCE                   342   102.481   290275.600   290378.081 
    serial_rx_block                 180    58.547   168930.795   168989.341 
      serial_rx_..t_shifter_reg      57    21.161    63025.792    63046.953 
      serial_rx_control              70    19.591    54714.714    54734.305 
      serial_rx_detector             51    17.170    49942.499    49959.669 
    serial_tx_block                 155    42.730   118066.471   118109.200 
      serial_tx_control              97    24.489    62967.144    62991.633 
      serial_tx_..t_shifter_reg      57    17.928    54248.293    54266.221 
    serial_out..logic_control         5     0.833     2254.210     2255.044 
  INTERRUPT_INSTANCE                212    49.007   122930.288   122979.296 
  BAUD_RATE_INSTANCE                146    39.287   107691.428   107730.714 
  BUS_CONTROL_INSTANCE               75    16.660  1128708.051  1128724.711 
  PORTS_INSTANCE                     57    16.247  1100964.515  1100980.761 

