============================================================
  Generated by:           Encounter(R) RTL Compiler v07.20-p004_1
  Generated on:           Dec 06 2010  11:08:31 AM
  Module:                 emc_top
  Technology libraries:   D_CELLS_MOSLP_slow_1_62V_125C V 2.1.0
                          ROM4096X8_slow_1_62V_125C V 1.1.0 
                          SPRAM128X8_slow_1_62V_125C V 1.2.0 
  Operating conditions:   slow_1_62V_125C (worst_case_tree)
  Wireload mode:          enclosed
  Area mode:              timing library
============================================================

                                         Leakage    Dynamic      Total    
             Instance             Cells Power(nW)  Power(nW)   Power(nW)  
--------------------------------------------------------------------------
emc_top                            6654  2513.912 3905544.429 3908058.341 
  CORE_INSTANCE                    4709  2013.831 2975104.028 2977117.860 
    mem_ctrl                         87  1057.718 1063384.425 1064442.143 
    reg_ctrl                       1286   415.536  996694.808  997110.345 
    fsm                            2133   339.417  714907.696  715247.113 
    alu                            1057   157.126   10056.461   10213.586 
      rem_338_53_Y_div_337_53       431    60.545       0.000      60.545 
      csa_tree_mul_309_43           304    44.053       0.000      44.053 
      final_adder_mul_309_43         44     9.526       0.000       9.526 
    pcau                            127    31.953  152883.219  152915.172 
  TIMERS_INSTANCE                  1040   256.967  261876.159  262133.126 
    dut_timer2                      681   167.393  256921.026  257088.419 
      top_acg                       602   145.600  224052.161  224197.760 
        final_adde.._Y_sub_119_51    48    17.763   29486.520   29504.284 
        inc_add_278_55               45     9.099    9075.096    9084.195 
        inc_add_99_50                45     9.099    6379.384    6388.483 
        dec_sub_139_62               56     6.874    7704.894    7711.768 
      top_pdcf                       50    12.859   17067.775   17080.633 
      top_pdf                        29     8.934   15801.091   15810.025 
    dut_timer0                      177    44.067    1991.413    2035.480 
      inc_add_140_57                 45     9.099     805.508     814.607 
      dec_sub_167_61                 56     6.874     939.564     946.438 
    dut_timer1                      177    44.067    2167.720    2211.787 
      inc_add_140_57                 45     9.099     842.036     851.135 
      dec_sub_167_61                 56     6.874     987.940     994.814 
  SERIAL_INSTANCE                   342   102.481  184836.629  184939.110 
    serial_rx_block                 180    58.547   99385.042   99443.588 
      serial_rx_..t_shifter_reg      57    21.161   44353.986   44375.146 
      serial_rx_control              70    19.591   46238.046   46257.638 
      serial_rx_detector             51    17.170    8726.228    8743.398 
    serial_tx_block                 155    42.730   85419.840   85462.570 
      serial_tx_control              97    24.489   47779.306   47803.795 
      serial_tx_..t_shifter_reg      57    17.928   37247.050   37264.978 
    serial_out..logic_control         5     0.833      29.167      30.000 
  INTERRUPT_INSTANCE                212    49.007   69434.726   69483.733 
  BAUD_RATE_INSTANCE                146    39.287   88701.195   88740.481 
  BUS_CONTROL_INSTANCE               75    16.660   35951.185   35967.845 
  PORTS_INSTANCE                     57    16.247   82532.836   82549.082 

